<?xml version="1.0" encoding="UTF-8"?>
<testsuite xmlns:xsi="http://www.w3.org/2001/XMLSchema-instance" xsi:noNamespaceSchemaLocation="https://maven.apache.org/surefire/maven-surefire-plugin/xsd/surefire-test-report.xsd" name="TestDice" time="0.001" tests="8" errors="0" skipped="0" failures="0">
  <properties>
    <property name="sun.desktop" value="windows"/>
    <property name="awt.toolkit" value="sun.awt.windows.WToolkit"/>
    <property name="java.specification.version" value="10"/>
    <property name="file.encoding.pkg" value="sun.io"/>
    <property name="sun.cpu.isalist" value="amd64"/>
    <property name="sun.jnu.encoding" value="Cp1252"/>
    <property name="java.class.path" value="C:\Users\cmngu\Desktop\Risk\target\test-classes;C:\Users\cmngu\Desktop\Risk\target\classes;C:\Users\cmngu\.m2\repository\org\junit\jupiter\junit-jupiter-api\5.3.1\junit-jupiter-api-5.3.1.jar;C:\Users\cmngu\.m2\repository\org\apiguardian\apiguardian-api\1.0.0\apiguardian-api-1.0.0.jar;C:\Users\cmngu\.m2\repository\org\opentest4j\opentest4j\1.1.1\opentest4j-1.1.1.jar;C:\Users\cmngu\.m2\repository\org\junit\platform\junit-platform-commons\1.3.1\junit-platform-commons-1.3.1.jar;C:\Users\cmngu\.m2\repository\org\junit\jupiter\junit-jupiter-params\5.3.1\junit-jupiter-params-5.3.1.jar;C:\Users\cmngu\.m2\repository\org\junit\jupiter\junit-jupiter-engine\5.3.1\junit-jupiter-engine-5.3.1.jar;C:\Users\cmngu\.m2\repository\org\junit\platform\junit-platform-engine\1.3.1\junit-platform-engine-1.3.1.jar;C:\Users\cmngu\.m2\repository\org\twitter4j\twitter4j-core\4.0.7\twitter4j-core-4.0.7.jar;C:\Users\cmngu\.m2\repository\org\telegram\telegrambots\4.1\telegrambots-4.1.jar;C:\Users\cmngu\.m2\repository\org\telegram\telegrambots-meta\4.1\telegrambots-meta-4.1.jar;C:\Users\cmngu\.m2\repository\com\google\inject\guice\4.1.0\guice-4.1.0.jar;C:\Users\cmngu\.m2\repository\javax\inject\javax.inject\1\javax.inject-1.jar;C:\Users\cmngu\.m2\repository\aopalliance\aopalliance\1.0\aopalliance-1.0.jar;C:\Users\cmngu\.m2\repository\com\google\guava\guava\19.0\guava-19.0.jar;C:\Users\cmngu\.m2\repository\com\fasterxml\jackson\core\jackson-annotations\2.8.0\jackson-annotations-2.8.0.jar;C:\Users\cmngu\.m2\repository\com\fasterxml\jackson\jaxrs\jackson-jaxrs-json-provider\2.8.7\jackson-jaxrs-json-provider-2.8.7.jar;C:\Users\cmngu\.m2\repository\com\fasterxml\jackson\jaxrs\jackson-jaxrs-base\2.8.7\jackson-jaxrs-base-2.8.7.jar;C:\Users\cmngu\.m2\repository\com\fasterxml\jackson\core\jackson-core\2.8.7\jackson-core-2.8.7.jar;C:\Users\cmngu\.m2\repository\com\fasterxml\jackson\module\jackson-module-jaxb-annotations\2.8.7\jackson-module-jaxb-annotations-2.8.7.jar;C:\Users\cmngu\.m2\repository\com\fasterxml\jackson\core\jackson-databind\2.8.7\jackson-databind-2.8.7.jar;C:\Users\cmngu\.m2\repository\org\glassfish\jersey\media\jersey-media-json-jackson\2.25.1\jersey-media-json-jackson-2.25.1.jar;C:\Users\cmngu\.m2\repository\org\glassfish\jersey\core\jersey-common\2.25.1\jersey-common-2.25.1.jar;C:\Users\cmngu\.m2\repository\org\glassfish\jersey\bundles\repackaged\jersey-guava\2.25.1\jersey-guava-2.25.1.jar;C:\Users\cmngu\.m2\repository\org\glassfish\hk2\osgi-resource-locator\1.0.1\osgi-resource-locator-1.0.1.jar;C:\Users\cmngu\.m2\repository\org\glassfish\jersey\ext\jersey-entity-filtering\2.25.1\jersey-entity-filtering-2.25.1.jar;C:\Users\cmngu\.m2\repository\org\glassfish\jersey\containers\jersey-container-grizzly2-http\2.25.1\jersey-container-grizzly2-http-2.25.1.jar;C:\Users\cmngu\.m2\repository\org\glassfish\hk2\external\javax.inject\2.5.0-b32\javax.inject-2.5.0-b32.jar;C:\Users\cmngu\.m2\repository\org\glassfish\grizzly\grizzly-http-server\2.3.28\grizzly-http-server-2.3.28.jar;C:\Users\cmngu\.m2\repository\org\glassfish\grizzly\grizzly-http\2.3.28\grizzly-http-2.3.28.jar;C:\Users\cmngu\.m2\repository\org\glassfish\grizzly\grizzly-framework\2.3.28\grizzly-framework-2.3.28.jar;C:\Users\cmngu\.m2\repository\javax\ws\rs\javax.ws.rs-api\2.0.1\javax.ws.rs-api-2.0.1.jar;C:\Users\cmngu\.m2\repository\org\glassfish\jersey\core\jersey-server\2.25.1\jersey-server-2.25.1.jar;C:\Users\cmngu\.m2\repository\org\glassfish\jersey\core\jersey-client\2.25.1\jersey-client-2.25.1.jar;C:\Users\cmngu\.m2\repository\org\glassfish\jersey\media\jersey-media-jaxb\2.25.1\jersey-media-jaxb-2.25.1.jar;C:\Users\cmngu\.m2\repository\javax\annotation\javax.annotation-api\1.2\javax.annotation-api-1.2.jar;C:\Users\cmngu\.m2\repository\org\glassfish\hk2\hk2-api\2.5.0-b32\hk2-api-2.5.0-b32.jar;C:\Users\cmngu\.m2\repository\org\glassfish\hk2\hk2-utils\2.5.0-b32\hk2-utils-2.5.0-b32.jar;C:\Users\cmngu\.m2\repository\org\glassfish\hk2\external\aopalliance-repackaged\2.5.0-b32\aopalliance-repackaged-2.5.0-b32.jar;C:\Users\cmngu\.m2\repository\org\glassfish\hk2\hk2-locator\2.5.0-b32\hk2-locator-2.5.0-b32.jar;C:\Users\cmngu\.m2\repository\org\javassist\javassist\3.20.0-GA\javassist-3.20.0-GA.jar;C:\Users\cmngu\.m2\repository\javax\validation\validation-api\1.1.0.Final\validation-api-1.1.0.Final.jar;C:\Users\cmngu\.m2\repository\org\json\json\20160810\json-20160810.jar;C:\Users\cmngu\.m2\repository\org\apache\httpcomponents\httpclient\4.5.3\httpclient-4.5.3.jar;C:\Users\cmngu\.m2\repository\org\apache\httpcomponents\httpcore\4.4.6\httpcore-4.4.6.jar;C:\Users\cmngu\.m2\repository\commons-logging\commons-logging\1.2\commons-logging-1.2.jar;C:\Users\cmngu\.m2\repository\commons-codec\commons-codec\1.9\commons-codec-1.9.jar;C:\Users\cmngu\.m2\repository\org\apache\httpcomponents\httpmime\4.5.3\httpmime-4.5.3.jar;C:\Users\cmngu\.m2\repository\commons-io\commons-io\2.5\commons-io-2.5.jar;"/>
    <property name="java.vm.vendor" value="&quot;Oracle Corporation&quot;"/>
    <property name="sun.arch.data.model" value="64"/>
    <property name="user.variant" value=""/>
    <property name="java.vendor.url" value="http://java.oracle.com/"/>
    <property name="user.timezone" value="America/Chicago"/>
    <property name="java.vm.specification.version" value="10"/>
    <property name="os.name" value="Windows 10"/>
    <property name="sun.java.launcher" value="SUN_STANDARD"/>
    <property name="user.country" value="US"/>
    <property name="sun.boot.library.path" value="C:\Program Files\Java\jdk-10.0.2\bin"/>
    <property name="sun.java.command" value="C:\Users\cmngu\AppData\Local\Temp\surefire17090737111755644311\surefirebooter1950898833987487086.jar C:\Users\cmngu\AppData\Local\Temp\surefire17090737111755644311 2018-11-23T21-49-56_741-jvmRun1 surefire2116831708443918153tmp surefire_0927398555318554700tmp"/>
    <property name="jdk.debug" value="release"/>
    <property name="surefire.test.class.path" value="C:\Users\cmngu\Desktop\Risk\target\test-classes;C:\Users\cmngu\Desktop\Risk\target\classes;C:\Users\cmngu\.m2\repository\org\junit\jupiter\junit-jupiter-api\5.3.1\junit-jupiter-api-5.3.1.jar;C:\Users\cmngu\.m2\repository\org\apiguardian\apiguardian-api\1.0.0\apiguardian-api-1.0.0.jar;C:\Users\cmngu\.m2\repository\org\opentest4j\opentest4j\1.1.1\opentest4j-1.1.1.jar;C:\Users\cmngu\.m2\repository\org\junit\platform\junit-platform-commons\1.3.1\junit-platform-commons-1.3.1.jar;C:\Users\cmngu\.m2\repository\org\junit\jupiter\junit-jupiter-params\5.3.1\junit-jupiter-params-5.3.1.jar;C:\Users\cmngu\.m2\repository\org\junit\jupiter\junit-jupiter-engine\5.3.1\junit-jupiter-engine-5.3.1.jar;C:\Users\cmngu\.m2\repository\org\junit\platform\junit-platform-engine\1.3.1\junit-platform-engine-1.3.1.jar;C:\Users\cmngu\.m2\repository\org\twitter4j\twitter4j-core\4.0.7\twitter4j-core-4.0.7.jar;C:\Users\cmngu\.m2\repository\org\telegram\telegrambots\4.1\telegrambots-4.1.jar;C:\Users\cmngu\.m2\repository\org\telegram\telegrambots-meta\4.1\telegrambots-meta-4.1.jar;C:\Users\cmngu\.m2\repository\com\google\inject\guice\4.1.0\guice-4.1.0.jar;C:\Users\cmngu\.m2\repository\javax\inject\javax.inject\1\javax.inject-1.jar;C:\Users\cmngu\.m2\repository\aopalliance\aopalliance\1.0\aopalliance-1.0.jar;C:\Users\cmngu\.m2\repository\com\google\guava\guava\19.0\guava-19.0.jar;C:\Users\cmngu\.m2\repository\com\fasterxml\jackson\core\jackson-annotations\2.8.0\jackson-annotations-2.8.0.jar;C:\Users\cmngu\.m2\repository\com\fasterxml\jackson\jaxrs\jackson-jaxrs-json-provider\2.8.7\jackson-jaxrs-json-provider-2.8.7.jar;C:\Users\cmngu\.m2\repository\com\fasterxml\jackson\jaxrs\jackson-jaxrs-base\2.8.7\jackson-jaxrs-base-2.8.7.jar;C:\Users\cmngu\.m2\repository\com\fasterxml\jackson\core\jackson-core\2.8.7\jackson-core-2.8.7.jar;C:\Users\cmngu\.m2\repository\com\fasterxml\jackson\module\jackson-module-jaxb-annotations\2.8.7\jackson-module-jaxb-annotations-2.8.7.jar;C:\Users\cmngu\.m2\repository\com\fasterxml\jackson\core\jackson-databind\2.8.7\jackson-databind-2.8.7.jar;C:\Users\cmngu\.m2\repository\org\glassfish\jersey\media\jersey-media-json-jackson\2.25.1\jersey-media-json-jackson-2.25.1.jar;C:\Users\cmngu\.m2\repository\org\glassfish\jersey\core\jersey-common\2.25.1\jersey-common-2.25.1.jar;C:\Users\cmngu\.m2\repository\org\glassfish\jersey\bundles\repackaged\jersey-guava\2.25.1\jersey-guava-2.25.1.jar;C:\Users\cmngu\.m2\repository\org\glassfish\hk2\osgi-resource-locator\1.0.1\osgi-resource-locator-1.0.1.jar;C:\Users\cmngu\.m2\repository\org\glassfish\jersey\ext\jersey-entity-filtering\2.25.1\jersey-entity-filtering-2.25.1.jar;C:\Users\cmngu\.m2\repository\org\glassfish\jersey\containers\jersey-container-grizzly2-http\2.25.1\jersey-container-grizzly2-http-2.25.1.jar;C:\Users\cmngu\.m2\repository\org\glassfish\hk2\external\javax.inject\2.5.0-b32\javax.inject-2.5.0-b32.jar;C:\Users\cmngu\.m2\repository\org\glassfish\grizzly\grizzly-http-server\2.3.28\grizzly-http-server-2.3.28.jar;C:\Users\cmngu\.m2\repository\org\glassfish\grizzly\grizzly-http\2.3.28\grizzly-http-2.3.28.jar;C:\Users\cmngu\.m2\repository\org\glassfish\grizzly\grizzly-framework\2.3.28\grizzly-framework-2.3.28.jar;C:\Users\cmngu\.m2\repository\javax\ws\rs\javax.ws.rs-api\2.0.1\javax.ws.rs-api-2.0.1.jar;C:\Users\cmngu\.m2\repository\org\glassfish\jersey\core\jersey-server\2.25.1\jersey-server-2.25.1.jar;C:\Users\cmngu\.m2\repository\org\glassfish\jersey\core\jersey-client\2.25.1\jersey-client-2.25.1.jar;C:\Users\cmngu\.m2\repository\org\glassfish\jersey\media\jersey-media-jaxb\2.25.1\jersey-media-jaxb-2.25.1.jar;C:\Users\cmngu\.m2\repository\javax\annotation\javax.annotation-api\1.2\javax.annotation-api-1.2.jar;C:\Users\cmngu\.m2\repository\org\glassfish\hk2\hk2-api\2.5.0-b32\hk2-api-2.5.0-b32.jar;C:\Users\cmngu\.m2\repository\org\glassfish\hk2\hk2-utils\2.5.0-b32\hk2-utils-2.5.0-b32.jar;C:\Users\cmngu\.m2\repository\org\glassfish\hk2\external\aopalliance-repackaged\2.5.0-b32\aopalliance-repackaged-2.5.0-b32.jar;C:\Users\cmngu\.m2\repository\org\glassfish\hk2\hk2-locator\2.5.0-b32\hk2-locator-2.5.0-b32.jar;C:\Users\cmngu\.m2\repository\org\javassist\javassist\3.20.0-GA\javassist-3.20.0-GA.jar;C:\Users\cmngu\.m2\repository\javax\validation\validation-api\1.1.0.Final\validation-api-1.1.0.Final.jar;C:\Users\cmngu\.m2\repository\org\json\json\20160810\json-20160810.jar;C:\Users\cmngu\.m2\repository\org\apache\httpcomponents\httpclient\4.5.3\httpclient-4.5.3.jar;C:\Users\cmngu\.m2\repository\org\apache\httpcomponents\httpcore\4.4.6\httpcore-4.4.6.jar;C:\Users\cmngu\.m2\repository\commons-logging\commons-logging\1.2\commons-logging-1.2.jar;C:\Users\cmngu\.m2\repository\commons-codec\commons-codec\1.9\commons-codec-1.9.jar;C:\Users\cmngu\.m2\repository\org\apache\httpcomponents\httpmime\4.5.3\httpmime-4.5.3.jar;C:\Users\cmngu\.m2\repository\commons-io\commons-io\2.5\commons-io-2.5.jar;"/>
    <property name="sun.cpu.endian" value="little"/>
    <property name="user.home" value="C:\Users\cmngu"/>
    <property name="user.language" value="en"/>
    <property name="java.specification.vendor" value="Oracle Corporation"/>
    <property name="java.version.date" value="2018-07-17"/>
    <property name="java.home" value="C:\Program Files\Java\jdk-10.0.2"/>
    <property name="file.separator" value="\"/>
    <property name="basedir" value="C:\Users\cmngu\Desktop\Risk"/>
    <property name="java.vm.compressedOopsMode" value="Zero based"/>
    <property name="line.separator" value="&#10;"/>
    <property name="java.specification.name" value="Java Platform API Specification"/>
    <property name="java.vm.specification.vendor" value="Oracle Corporation"/>
    <property name="java.awt.graphicsenv" value="sun.awt.Win32GraphicsEnvironment"/>
    <property name="surefire.real.class.path" value="C:\Users\cmngu\AppData\Local\Temp\surefire17090737111755644311\surefirebooter1950898833987487086.jar"/>
    <property name="user.script" value=""/>
    <property name="sun.management.compiler" value="HotSpot 64-Bit Tiered Compilers"/>
    <property name="java.runtime.version" value="10.0.2+13"/>
    <property name="user.name" value="cmngu"/>
    <property name="path.separator" value=";"/>
    <property name="os.version" value="10.0"/>
    <property name="java.runtime.name" value="Java(TM) SE Runtime Environment"/>
    <property name="file.encoding" value="Cp1252"/>
    <property name="java.vm.name" value="Java HotSpot(TM) 64-Bit Server VM"/>
    <property name="java.vendor.version" value="18.3"/>
    <property name="localRepository" value="C:\Users\cmngu\.m2\repository"/>
    <property name="java.vendor.url.bug" value="http://bugreport.java.com/bugreport/"/>
    <property name="java.io.tmpdir" value="C:\Users\cmngu\AppData\Local\Temp\"/>
    <property name="java.version" value="10.0.2"/>
    <property name="user.dir" value="C:\Users\cmngu\Desktop\Risk"/>
    <property name="os.arch" value="amd64"/>
    <property name="java.vm.specification.name" value="Java Virtual Machine Specification"/>
    <property name="java.awt.printerjob" value="sun.awt.windows.WPrinterJob"/>
    <property name="sun.os.patch.level" value=""/>
    <property name="java.library.path" value="C:\Program Files\Java\jdk-10.0.2\bin;C:\WINDOWS\Sun\Java\bin;C:\WINDOWS\system32;C:\WINDOWS;C:\Program Files (x86)\Common Files\Oracle\Java\javapath;C:\Windows\system32;C:\Windows;C:\Windows\System32\Wbem;C:\Windows\System32\WindowsPowerShell\v1.0\;C:\Program Files\Intel\WiFi\bin\;C:\Program Files\Common Files\Intel\WirelessCommon\;C:\Program Files (x86)\NVIDIA Corporation\PhysX\Common;C:\WINDOWS\system32;C:\WINDOWS;C:\WINDOWS\System32\Wbem;C:\WINDOWS\System32\WindowsPowerShell\v1.0\;C:\MinGW\bin;C:\WINDOWS\System32\OpenSSH\;C:\Program Files\Git\cmd;D:\MATLAB\R2018a\runtime\win64;D:\MATLAB\R2018a\bin;C:\Program Files\apache-maven-3.5.4\apache-maven-3.5.4\bin;C:\Program Files\Java\jdk-10.0.2\bin;D:\platform-tools_r28.0.1-windows\platform-tools;C:\Users\cmngu\AppData\Local\Programs\Python\Python37-32\Scripts\;C:\Users\cmngu\AppData\Local\Programs\Python\Python37-32\;C:\Users\cmngu\AppData\Local\Microsoft\WindowsApps;C:\Users\cmngu\AppData\Local\atom\bin;C:\Users\cmngu\AppData\Local\Microsoft\WindowsApps;C:\Program Files\Java\jdk-10.0.2\bin;;."/>
    <property name="java.vendor" value="Oracle Corporation"/>
    <property name="java.vm.info" value="mixed mode"/>
    <property name="java.vm.version" value="10.0.2+13"/>
    <property name="sun.io.unicode.encoding" value="UnicodeLittle"/>
    <property name="java.class.version" value="54.0"/>
  </properties>
  <testcase name="fiveDieThrown" classname="TestDice" time="0"/>
  <testcase name="fourDieThrown" classname="TestDice" time="0"/>
  <testcase name="twoDieThrown" classname="TestDice" time="0"/>
  <testcase name="negativeDieThrown" classname="TestDice" time="0"/>
  <testcase name="oneDieThrown" classname="TestDice" time="0"/>
  <testcase name="threeDieThrown" classname="TestDice" time="0"/>
  <testcase name="zeroDieThrown" classname="TestDice" time="0"/>
  <testcase name="sixDieThrown" classname="TestDice" time="0"/>
</testsuite>